<?xml version="1.0" encoding="UTF-8"?>
<!-- Generated by org.testng.reporters.JUnitXMLReporter -->
<testsuite ignored="2" hostname="hsudarshan-a01.vmware.com" failures="0" tests="6" name="getPetsByStatus" time="4.185" errors="0" timestamp="2022-09-18T17:48:59 IST">
  <testcase classname="com.sample.api.tests.PetsTests" name="getPetsByStatusTest" time="2.657"/>
  <testcase classname="com.sample.api.tests.PetsTests" name="getPetsByStatusTest" time="2.66"/>
  <testcase classname="com.sample.api.tests.PetsTests" name="getPetsByStatusTest" time="2.701"/>
  <testcase classname="com.sample.api.tests.PetsTests" name="getPetsByStatusTest" time="3.189"/>
  <testcase classname="com.sample.api.tests.PetsTests" name="getPetsByStatusTest" time="4.143"/>
  <testcase classname="com.sample.api.tests.PetsTests" name="getPetsByStatusTest" time="4.143"/>
  <testcase classname="com.sample.api.tests.PetsTests" name="createPetsTest" time="0.0">
    <ignored/>
  </testcase> <!-- createPetsTest -->
  <testcase classname="com.sample.api.tests.PetsTests" name="updatePetsTest" time="0.0">
    <ignored/>
  </testcase> <!-- updatePetsTest -->
</testsuite> <!-- getPetsByStatus -->
