<?xml version="1.0" encoding="UTF-8"?>
<!-- Generated by org.testng.reporters.JUnitXMLReporter -->
<testsuite ignored="2" hostname="hsudarshan-a01.vmware.com" failures="0" tests="3" name="getUsers" time="2.761" errors="0" timestamp="2022-09-18T17:49:02 IST">
  <testcase classname="com.sample.api.tests.UsersTests" name="getUsersTest" time="1.346"/>
  <testcase classname="com.sample.api.tests.UsersTests" name="getUsersTest" time="2.663"/>
  <testcase classname="com.sample.api.tests.UsersTests" name="getUsersTest" time="2.664"/>
  <testcase classname="com.sample.api.tests.UsersTests" name="updateUsersTest" time="0.0">
    <ignored/>
  </testcase> <!-- updateUsersTest -->
  <testcase classname="com.sample.api.tests.UsersTests" name="createUsersTest" time="0.0">
    <ignored/>
  </testcase> <!-- createUsersTest -->
</testsuite> <!-- getUsers -->
