<?xml version="1.0" encoding="UTF-8"?>
<!-- Generated by org.testng.reporters.JUnitXMLReporter -->
<testsuite ignored="2" hostname="hsudarshan-a01.vmware.com" failures="1" tests="3" name="updateUsers" time="4.076" errors="0" timestamp="2022-09-18T17:49:04 IST">
  <testcase classname="com.sample.api.tests.UsersTests" name="updateUsersTest" time="1.362">
    <failure type="java.lang.AssertionError" message="response code not matching for get api  expected [404] but found [200]">
      <![CDATA[java.lang.AssertionError: response code not matching for get api  expected [404] but found [200]
at com.sample.api.assertions.UsersAPIAssertions.assertUpdateUserAPIResponse(UsersAPIAssertions.java:39)
at com.sample.api.tests.UsersTests.updateUsersTest(UsersTests.java:161)
at java.base/java.util.concurrent.FutureTask.run(FutureTask.java:264)
at java.base/java.util.concurrent.Executors$RunnableAdapter.call(Executors.java:539)
at java.base/java.util.concurrent.FutureTask.run(FutureTask.java:264)
at java.base/java.util.concurrent.ThreadPoolExecutor.runWorker(ThreadPoolExecutor.java:1136)
at java.base/java.util.concurrent.ThreadPoolExecutor$Worker.run(ThreadPoolExecutor.java:635)
at java.base/java.lang.Thread.run(Thread.java:833)
... Removed 11 stack frames]]>
    </failure>
  </testcase> <!-- updateUsersTest -->
  <testcase classname="com.sample.api.tests.UsersTests" name="updateUsersTest" time="3.977"/>
  <testcase classname="com.sample.api.tests.UsersTests" name="updateUsersTest" time="3.976"/>
  <testcase classname="com.sample.api.tests.UsersTests" name="createUsersTest" time="0.0">
    <ignored/>
  </testcase> <!-- createUsersTest -->
  <testcase classname="com.sample.api.tests.UsersTests" name="getUsersTest" time="0.0">
    <ignored/>
  </testcase> <!-- getUsersTest -->
</testsuite> <!-- updateUsers -->
